<?xml version="1.0" encoding="UTF-8"?>
<!-- Generated by org.testng.reporters.JUnitReportReporter -->
<testsuite hostname="DESKTOP-B3I7F62" failures="0" tests="2" name="tests.TestsExamples" time="15.315" errors="0" timestamp="2024-11-07T19:36:22 IST" skipped="0">
  <testcase classname="tests.TestsExamples" name="test_2" time="4.253"/>
  <system-out/>
  <testcase classname="tests.TestsExamples" name="test_1" time="11.062"/>
  <system-out/>
</testsuite> <!-- tests.TestsExamples -->
