<?xml version="1.0" encoding="UTF-8"?>
<!-- Generated by org.testng.reporters.JUnitReportReporter -->
<testsuite hostname="DESKTOP-B3I7F62" failures="0" tests="3" name="tests.PutPatchDeleteResponse" time="30.076" errors="0" timestamp="2024-11-07T21:07:57 IST" skipped="0">
  <testcase classname="tests.PutPatchDeleteResponse" name="testput" time="1.086"/>
  <system-out/>
  <testcase classname="tests.PutPatchDeleteResponse" name="testPatch" time="2.552"/>
  <system-out/>
  <testcase classname="tests.PutPatchDeleteResponse" name="testDelete" time="26.438"/>
  <system-out/>
</testsuite> <!-- tests.PutPatchDeleteResponse -->
