<?xml version="1.0" encoding="UTF-8"?>
<!-- Generated by org.testng.reporters.JUnitReportReporter -->
<testsuite hostname="DESKTOP-B3I7F62" failures="0" tests="1" name="tests.TestOnLocalAPI" time="20.876" errors="0" timestamp="2024-11-08T01:27:42 IST" skipped="0">
  <testcase classname="tests.TestOnLocalAPI" name="delete" time="20.876"/>
  <system-out/>
</testsuite> <!-- tests.TestOnLocalAPI -->
