<?xml version="1.0" encoding="UTF-8"?>
<!-- Generated by org.testng.reporters.JUnitReportReporter -->
<testsuite hostname="DESKTOP-B3I7F62" failures="0" tests="2" name="tests.GetPostResponse" time="13.213" errors="0" timestamp="2024-11-07T20:53:39 IST" skipped="0">
  <testcase classname="tests.GetPostResponse" name="testpost" time="0.621"/>
  <system-out/>
  <testcase classname="tests.GetPostResponse" name="testGet" time="12.592"/>
  <system-out/>
</testsuite> <!-- tests.GetPostResponse -->
