<?xml version="1.0" encoding="UTF-8"?>
<!-- Generated by org.testng.reporters.JUnitReportReporter -->
<testsuite hostname="DESKTOP-B3I7F62" failures="0" tests="1" name="tests.SoapXMLRequest" time="11.726" errors="0" timestamp="2024-11-08T20:29:11 IST" skipped="0">
  <testcase classname="tests.SoapXMLRequest" name="validateSoapXML" time="11.726"/>
  <system-out/>
</testsuite> <!-- tests.SoapXMLRequest -->
