<?xml version="1.0" encoding="UTF-8"?>
<!-- Generated by org.testng.reporters.JUnitReportReporter -->
<testsuite hostname="DESKTOP-B3I7F62" failures="0" tests="1" name="tests.XMLSchemaValidation" time="40.727" errors="0" timestamp="2024-11-09T00:57:04 IST" skipped="0">
  <testcase classname="tests.XMLSchemaValidation" name="schemaValidation" time="40.727"/>
  <system-out/>
</testsuite> <!-- tests.XMLSchemaValidation -->
